<?xml version="1.0" encoding="UTF-8"?>
<testng-results ignored="0" total="1" passed="1" failed="0" skipped="0">
  <reporter-output>
    <line>
      <![CDATA[Pass- open Orangehrm]]>
    </line>
    <line>
      <![CDATA[Pass- Enter User Name]]>
    </line>
    <line>
      <![CDATA[Pass- Enter Password]]>
    </line>
    <line>
      <![CDATA[Pass- Click on Signin]]>
    </line>
  </reporter-output>
  <suite started-at="2021-02-15T09:48:13 IST" name="Default suite" finished-at="2021-02-15T09:48:27 IST" duration-ms="13645">
    <groups>
    </groups>
    <test started-at="2021-02-15T09:48:13 IST" name="Default test" finished-at="2021-02-15T09:48:27 IST" duration-ms="13645">
      <class name="Day_008_Emailable_Report.TestExample">
        <test-method signature="Test1()[pri:0, instance:Day_008_Emailable_Report.TestExample@be35cd9]" started-at="2021-02-15T09:48:13 IST" name="Test1" finished-at="2021-02-15T09:48:27 IST" duration-ms="13580" status="PASS">
          <reporter-output>
            <line>
              <![CDATA[Pass- open Orangehrm]]>
            </line>
            <line>
              <![CDATA[Pass- Enter User Name]]>
            </line>
            <line>
              <![CDATA[Pass- Enter Password]]>
            </line>
            <line>
              <![CDATA[Pass- Click on Signin]]>
            </line>
          </reporter-output>
        </test-method> <!-- Test1 -->
      </class> <!-- Day_008_Emailable_Report.TestExample -->
    </test> <!-- Default test -->
  </suite> <!-- Default suite -->
</testng-results>
